{"date":"2023-08-10T16:45:28.601Z","level":"error","message":"Email not verified","method":"POST","service":"user-service","url":"/login"}
{"date":"2023-08-10T16:47:08.317Z","level":"error","message":"Email not verified","method":"POST","service":"user-service","url":"/login"}
{"date":"2023-08-10T16:50:20.886Z","level":"error","message":"User already exists","method":"POST","service":"user-service","url":"/register"}
{"date":"2023-08-10T16:51:13.407Z","level":"error","message":"Email not verified","method":"POST","service":"user-service","url":"/login"}
{"date":"2023-08-10T17:06:17.495Z","level":"error","message":"user validation failed: email: Invalid Email","method":"POST","service":"user-service","url":"/register"}
{"date":"2023-08-10T17:06:33.574Z","level":"error","message":"user validation failed: email: Invalid Email","method":"POST","service":"user-service","url":"/register"}
{"date":"2023-08-10T17:06:55.708Z","level":"error","message":"user validation failed: email: Invalid Email","method":"POST","service":"user-service","url":"/register"}
{"date":"2023-08-10T17:07:10.590Z","level":"error","message":"User already exists","method":"POST","service":"user-service","url":"/register"}
{"date":"2023-08-10T17:07:38.544Z","level":"error","message":"User already exists","method":"POST","service":"user-service","url":"/register"}
{"date":"2023-08-10T17:17:44.587Z","level":"error","message":"Email not verified","method":"POST","service":"user-service","url":"/login"}
{"date":"2023-08-10T17:35:00.828Z","level":"error","message":"Email not verified","method":"POST","service":"user-service","url":"/login"}
{"date":"2023-08-10T17:36:36.110Z","level":"error","message":"Invalid token","method":"POST","service":"user-service","url":"/verifyEmail"}
{"date":"2023-08-10T17:39:00.559Z","level":"error","message":"The provided authorization grant is invalid, expired, or revoked","method":"POST","service":"user-service","url":"/requestEmailToken"}
{"date":"2023-08-10T17:39:59.874Z","level":"error","message":"Invalid token","method":"POST","service":"user-service","url":"/verifyEmail"}
{"date":"2023-08-10T17:40:01.512Z","level":"error","message":"Invalid token","method":"POST","service":"user-service","url":"/verifyEmail"}
{"date":"2023-08-10T17:40:14.659Z","level":"error","message":"Invalid token","method":"POST","service":"user-service","url":"/verifyEmail"}
{"date":"2023-08-10T17:40:55.361Z","level":"error","message":"secretOrPrivateKey must have a value","method":"POST","service":"user-service","url":"/verifyEmail"}
{"date":"2023-08-10T18:49:00.364Z","level":"error","message":"Cast to ObjectId failed for value \"{\n  firstName: 'mm',\n  lastName: 'mm',\n  phoneNumber: '328787532',\n  userDesc: 'It is a long established fact that a reader will be distracted by the readable content of a page when looking at its layout. The point of using Lorem Ipsum is that it has a more-or-less normal distribution',\n  country: 'Pakistan123',\n  timeZone: 'UTC -8:00 / -7:00',\n  websiteLink: 'https://www.lipsum.com/'\n}\" (type Object) at path \"_id\" for model \"user\"","method":"PUT","service":"user-service","url":"/update-info"}
{"date":"2023-08-10T18:49:42.511Z","level":"error","message":"Cast to ObjectId failed for value \"{\n  firstName: 'mm',\n  lastName: 'mm',\n  phoneNumber: '328787532',\n  userDesc: 'It is a long established fact that a reader will be distracted by the readable content of a page when looking at its layout. The point of using Lorem Ipsum is that it has a more-or-less normal distribution',\n  country: 'Pakistan123',\n  timeZone: 'UTC -8:00 / -7:00',\n  websiteLink: 'https://www.lipsum.com/'\n}\" (type Object) at path \"_id\" for model \"user\"","method":"PUT","service":"user-service","url":"/update-info"}
{"date":"2023-08-10T18:53:33.449Z","level":"error","message":"Cannot read properties of undefined (reading '_id')","method":"PUT","service":"user-service","url":"/update-info"}
{"date":"2023-08-10T19:16:34.346Z","level":"error","message":"User does not exist","service":"user-service"}
{"date":"2023-08-10T19:16:34.358Z","level":"error","message":"Invalid status code: IncomingMessage {\n  _readableState: [ReadableState],\n  _events: [Object: null prototype] {},\n  _eventsCount: 0,\n  _maxListeners: undefined,\n  socket: [Socket],\n  httpVersionMajor: 1,\n  httpVersionMinor: 1,\n  httpVersion: '1.1',\n  complete: true,\n  rawHeaders: [Array],\n  rawTrailers: [],\n  joinDuplicateHeaders: undefined,\n  aborted: false,\n  upgrade: false,\n  url: '/update-info/64d5192036d0e5f9364213c5',\n  method: 'PUT',\n  statusCode: null,\n  statusMessage: null,\n  client: [Socket],\n  _consuming: true,\n  _dumped: false,\n  next: [Function: next],\n  baseUrl: '/auth',\n  originalUrl: '/auth/update-info/64d5192036d0e5f9364213c5',\n  _parsedUrl: [Url],\n  params: [Object],\n  query: {},\n  res: [ServerResponse],\n  body: [Object],\n  _body: true,\n  length: undefined,\n  route: [Route],\n  [Symbol(kCapture)]: false,\n  [Symbol(kHeaders)]: [Object],\n  [Symbol(kHeadersCount)]: 18,\n  [Symbol(kTrailers)]: null,\n  [Symbol(kTrailersCount)]: 0\n}","method":"PUT","service":"user-service","url":"/update-info/64d5192036d0e5f9364213c5"}
{"date":"2023-08-10T19:18:22.395Z","level":"error","message":"User does not exist","service":"user-service"}
{"date":"2023-08-10T19:18:22.404Z","level":"error","message":"Invalid status code: IncomingMessage {\n  _readableState: [ReadableState],\n  _events: [Object: null prototype] {},\n  _eventsCount: 0,\n  _maxListeners: undefined,\n  socket: [Socket],\n  httpVersionMajor: 1,\n  httpVersionMinor: 1,\n  httpVersion: '1.1',\n  complete: true,\n  rawHeaders: [Array],\n  rawTrailers: [],\n  joinDuplicateHeaders: undefined,\n  aborted: false,\n  upgrade: false,\n  url: '/update-info/64d5192036d0e5f9364213c5',\n  method: 'PUT',\n  statusCode: null,\n  statusMessage: null,\n  client: [Socket],\n  _consuming: true,\n  _dumped: false,\n  next: [Function: next],\n  baseUrl: '/auth',\n  originalUrl: '/auth/update-info/64d5192036d0e5f9364213c5',\n  _parsedUrl: [Url],\n  params: [Object],\n  query: {},\n  res: [ServerResponse],\n  body: [Object],\n  _body: true,\n  length: undefined,\n  route: [Route],\n  [Symbol(kCapture)]: false,\n  [Symbol(kHeaders)]: [Object],\n  [Symbol(kHeadersCount)]: 18,\n  [Symbol(kTrailers)]: null,\n  [Symbol(kTrailersCount)]: 0\n}","method":"PUT","service":"user-service","url":"/update-info/64d5192036d0e5f9364213c5"}
{"date":"2023-08-10T19:19:56.292Z","level":"error","message":"User does not exist","service":"user-service"}
{"date":"2023-08-10T19:19:56.296Z","level":"error","message":"Invalid status code: IncomingMessage {\n  _readableState: [ReadableState],\n  _events: [Object: null prototype] {},\n  _eventsCount: 0,\n  _maxListeners: undefined,\n  socket: [Socket],\n  httpVersionMajor: 1,\n  httpVersionMinor: 1,\n  httpVersion: '1.1',\n  complete: true,\n  rawHeaders: [Array],\n  rawTrailers: [],\n  joinDuplicateHeaders: undefined,\n  aborted: false,\n  upgrade: false,\n  url: '/update-info/64d5192036d0e5f9364213c5',\n  method: 'PUT',\n  statusCode: null,\n  statusMessage: null,\n  client: [Socket],\n  _consuming: true,\n  _dumped: false,\n  next: [Function: next],\n  baseUrl: '/auth',\n  originalUrl: '/auth/update-info/64d5192036d0e5f9364213c5',\n  _parsedUrl: [Url],\n  params: [Object],\n  query: {},\n  res: [ServerResponse],\n  body: [Object],\n  _body: true,\n  length: undefined,\n  route: [Route],\n  [Symbol(kCapture)]: false,\n  [Symbol(kHeaders)]: [Object],\n  [Symbol(kHeadersCount)]: 18,\n  [Symbol(kTrailers)]: null,\n  [Symbol(kTrailersCount)]: 0\n}","method":"PUT","service":"user-service","url":"/update-info/64d5192036d0e5f9364213c5"}
{"date":"2023-08-10T19:21:08.328Z","level":"error","message":"User does not exist","service":"user-service"}
{"date":"2023-08-10T19:21:08.334Z","level":"error","message":"Invalid status code: IncomingMessage {\n  _readableState: [ReadableState],\n  _events: [Object: null prototype] {},\n  _eventsCount: 0,\n  _maxListeners: undefined,\n  socket: [Socket],\n  httpVersionMajor: 1,\n  httpVersionMinor: 1,\n  httpVersion: '1.1',\n  complete: true,\n  rawHeaders: [Array],\n  rawTrailers: [],\n  joinDuplicateHeaders: undefined,\n  aborted: false,\n  upgrade: false,\n  url: '/update-info/64d5192036d0e5f9364213c5',\n  method: 'PUT',\n  statusCode: null,\n  statusMessage: null,\n  client: [Socket],\n  _consuming: true,\n  _dumped: false,\n  next: [Function: next],\n  baseUrl: '/auth',\n  originalUrl: '/auth/update-info/64d5192036d0e5f9364213c5',\n  _parsedUrl: [Url],\n  params: [Object],\n  query: {},\n  res: [ServerResponse],\n  body: [Object],\n  _body: true,\n  length: undefined,\n  route: [Route],\n  [Symbol(kCapture)]: false,\n  [Symbol(kHeaders)]: [Object],\n  [Symbol(kHeadersCount)]: 18,\n  [Symbol(kTrailers)]: null,\n  [Symbol(kTrailersCount)]: 0\n}","method":"PUT","service":"user-service","url":"/update-info/64d5192036d0e5f9364213c5"}
{"date":"2023-08-10T19:23:54.750Z","level":"error","message":"Email not verified","method":"POST","service":"user-service","url":"/login"}
{"date":"2023-08-10T19:24:00.388Z","level":"error","message":"Invalid token","method":"POST","service":"user-service","url":"/verifyEmail"}
{"date":"2023-08-10T19:26:14.514Z","level":"error","message":"The provided authorization grant is invalid, expired, or revoked","method":"POST","service":"user-service","url":"/requestEmailToken"}
{"date":"2023-08-11T07:42:02.892Z","level":"error","message":"User already exists","method":"POST","service":"user-service","url":"/register"}
{"date":"2023-08-11T10:25:17.689Z","level":"error","message":"Email not verified","method":"POST","service":"user-service","url":"/login"}
{"date":"2023-08-11T10:27:54.730Z","level":"error","message":"The provided authorization grant is invalid, expired, or revoked","method":"POST","service":"user-service","url":"/requestEmailToken"}
{"date":"2023-08-11T11:15:26.321Z","level":"error","message":"user validation failed: websiteLink: Path `websiteLink` is required., timeZone: Path `timeZone` is required., country: Path `country` is required., userDesc: Path `userDesc` is required., phoneNumber: Path `phoneNumber` is required.","method":"POST","service":"user-service","url":"/register"}
{"date":"2023-08-11T11:16:53.374Z","level":"error","message":"user validation failed: phoneNumber: Path `phoneNumber` is required.","method":"POST","service":"user-service","url":"/register"}
{"date":"2023-08-11T11:26:06.433Z","level":"error","message":"User already exists","method":"POST","service":"user-service","url":"/register"}
{"date":"2023-08-11T11:43:37.684Z","level":"error","message":"The provided authorization grant is invalid, expired, or revoked","method":"POST","service":"user-service","url":"/requestEmailToken"}
{"date":"2023-08-11T11:44:29.769Z","level":"error","message":"The provided authorization grant is invalid, expired, or revoked","method":"POST","service":"user-service","url":"/requestEmailToken"}
{"date":"2023-08-11T11:51:20.347Z","level":"error","message":"The provided authorization grant is invalid, expired, or revoked","method":"POST","service":"user-service","url":"/requestEmailToken"}
{"date":"2023-08-11T14:22:59.493Z","level":"error","message":"The provided authorization grant is invalid, expired, or revoked","method":"POST","service":"user-service","url":"/requestEmailToken"}
{"date":"2023-08-11T14:24:18.559Z","level":"error","message":"The provided authorization grant is invalid, expired, or revoked","method":"POST","service":"user-service","url":"/requestEmailToken"}
{"date":"2023-08-11T14:28:25.157Z","level":"error","message":"Accomodation already exist","service":"user-service"}
{"date":"2023-08-11T14:28:25.168Z","level":"error","message":"Invalid status code: IncomingMessage {\n  _readableState: [ReadableState],\n  _events: [Object: null prototype] {},\n  _eventsCount: 0,\n  _maxListeners: undefined,\n  socket: [Socket],\n  httpVersionMajor: 1,\n  httpVersionMinor: 1,\n  httpVersion: '1.1',\n  complete: true,\n  rawHeaders: [Array],\n  rawTrailers: [],\n  joinDuplicateHeaders: undefined,\n  aborted: false,\n  upgrade: false,\n  url: '/newAccomodation',\n  method: 'POST',\n  statusCode: null,\n  statusMessage: null,\n  client: [Socket],\n  _consuming: true,\n  _dumped: false,\n  next: [Function: next],\n  baseUrl: '/host',\n  originalUrl: '/host/newAccomodation',\n  _parsedUrl: [Url],\n  params: {},\n  query: {},\n  res: [ServerResponse],\n  body: [Array],\n  _body: true,\n  length: undefined,\n  route: [Route],\n  user: [Object],\n  [Symbol(kCapture)]: false,\n  [Symbol(kHeaders)]: [Object],\n  [Symbol(kHeadersCount)]: 20,\n  [Symbol(kTrailers)]: null,\n  [Symbol(kTrailersCount)]: 0\n}","method":"POST","service":"user-service","url":"/newAccomodation"}
{"date":"2023-08-11T14:30:23.690Z","level":"error","message":"Accomodation already exist","service":"user-service"}
{"date":"2023-08-11T14:30:23.702Z","level":"error","message":"Invalid status code: IncomingMessage {\n  _readableState: [ReadableState],\n  _events: [Object: null prototype] {},\n  _eventsCount: 0,\n  _maxListeners: undefined,\n  socket: [Socket],\n  httpVersionMajor: 1,\n  httpVersionMinor: 1,\n  httpVersion: '1.1',\n  complete: true,\n  rawHeaders: [Array],\n  rawTrailers: [],\n  joinDuplicateHeaders: undefined,\n  aborted: false,\n  upgrade: false,\n  url: '/newAccomodation',\n  method: 'POST',\n  statusCode: null,\n  statusMessage: null,\n  client: [Socket],\n  _consuming: true,\n  _dumped: false,\n  next: [Function: next],\n  baseUrl: '/host',\n  originalUrl: '/host/newAccomodation',\n  _parsedUrl: [Url],\n  params: {},\n  query: {},\n  res: [ServerResponse],\n  body: [Array],\n  _body: true,\n  length: undefined,\n  route: [Route],\n  user: [Object],\n  [Symbol(kCapture)]: false,\n  [Symbol(kHeaders)]: [Object],\n  [Symbol(kHeadersCount)]: 20,\n  [Symbol(kTrailers)]: null,\n  [Symbol(kTrailersCount)]: 0\n}","method":"POST","service":"user-service","url":"/newAccomodation"}
{"date":"2023-08-11T14:42:35.328Z","level":"error","message":"Accomodation already exist","service":"user-service"}
{"date":"2023-08-11T14:43:06.932Z","level":"error","message":"Accomodation already exist","service":"user-service"}
{"date":"2023-08-11T14:43:43.474Z","level":"error","message":"Accomodation already exist","service":"user-service"}
{"date":"2023-08-11T14:48:29.734Z","level":"error","message":"Accomodation already exist","service":"user-service"}
{"date":"2023-08-11T14:50:58.280Z","level":"error","message":"Accomodation already exist","service":"user-service"}
{"date":"2023-08-11T14:53:20.276Z","level":"error","message":"host validation failed: accomodations.0.title: Path `title` is required.","method":"POST","service":"user-service","url":"/newAccomodation"}
{"date":"2023-08-11T14:53:21.916Z","level":"error","message":"host validation failed: accomodations.0.title: Path `title` is required.","method":"POST","service":"user-service","url":"/newAccomodation"}
{"date":"2023-08-11T14:53:24.552Z","level":"error","message":"host validation failed: accomodations.0.title: Path `title` is required.","method":"POST","service":"user-service","url":"/newAccomodation"}
{"date":"2023-08-11T14:54:31.211Z","level":"error","message":"host validation failed: accomodations.0.title: Path `title` is required.","method":"POST","service":"user-service","url":"/newAccomodation"}
{"date":"2023-08-11T14:54:32.797Z","level":"error","message":"host validation failed: accomodations.0.title: Path `title` is required.","method":"POST","service":"user-service","url":"/newAccomodation"}
{"date":"2023-08-11T14:54:34.141Z","level":"error","message":"host validation failed: accomodations.0.title: Path `title` is required.","method":"POST","service":"user-service","url":"/newAccomodation"}
{"date":"2023-08-11T14:54:35.813Z","level":"error","message":"host validation failed: accomodations.0.title: Path `title` is required.","method":"POST","service":"user-service","url":"/newAccomodation"}
{"date":"2023-08-11T14:54:37.106Z","level":"error","message":"host validation failed: accomodations.0.title: Path `title` is required.","method":"POST","service":"user-service","url":"/newAccomodation"}
{"date":"2023-08-11T14:54:38.381Z","level":"error","message":"host validation failed: accomodations.0.title: Path `title` is required.","method":"POST","service":"user-service","url":"/newAccomodation"}
{"date":"2023-08-11T14:55:17.252Z","level":"error","message":"host validation failed: accomodations.0.title: Path `title` is required.","method":"POST","service":"user-service","url":"/newAccomodation"}
{"date":"2023-08-11T14:55:18.773Z","level":"error","message":"host validation failed: accomodations.0.title: Path `title` is required.","method":"POST","service":"user-service","url":"/newAccomodation"}
{"date":"2023-08-11T14:56:42.149Z","level":"error","message":"host validation failed: accomodations.0.title: Path `title` is required.","method":"POST","service":"user-service","url":"/newAccomodation"}
{"date":"2023-08-11T14:56:45.621Z","level":"error","message":"host validation failed: accomodations.0.title: Path `title` is required.","method":"POST","service":"user-service","url":"/newAccomodation"}
{"date":"2023-08-11T14:56:56.363Z","level":"error","message":"host validation failed: accomodations.0.title: Path `title` is required.","method":"POST","service":"user-service","url":"/newAccomodation"}
{"date":"2023-08-11T14:56:59.165Z","level":"error","message":"host validation failed: accomodations.0.title: Path `title` is required.","method":"POST","service":"user-service","url":"/newAccomodation"}
{"date":"2023-08-11T14:58:35.007Z","level":"error","message":"host validation failed: accomodations.0.title: Path `title` is required.","method":"POST","service":"user-service","url":"/newAccomodation"}
{"date":"2023-08-11T14:59:17.370Z","level":"error","message":"host validation failed: accomodations.0.title: Path `title` is required.","method":"POST","service":"user-service","url":"/newAccomodation"}
{"date":"2023-08-11T14:59:19.449Z","level":"error","message":"host validation failed: accomodations.0.title: Path `title` is required.","method":"POST","service":"user-service","url":"/newAccomodation"}
{"date":"2023-08-11T14:59:26.730Z","level":"error","message":"Parameter \"filter\" to findOne() must be an object, got ","method":"POST","service":"user-service","url":"/newAccomodation"}
{"date":"2023-08-11T14:59:28.105Z","level":"error","message":"Parameter \"filter\" to findOne() must be an object, got ","method":"POST","service":"user-service","url":"/newAccomodation"}
{"date":"2023-08-11T14:59:29.263Z","level":"error","message":"Parameter \"filter\" to findOne() must be an object, got ","method":"POST","service":"user-service","url":"/newAccomodation"}
{"date":"2023-08-11T14:59:34.743Z","level":"error","message":"Parameter \"filter\" to findOne() must be an object, got [object Object]","method":"POST","service":"user-service","url":"/newAccomodation"}
{"date":"2023-08-11T14:59:36.227Z","level":"error","message":"Parameter \"filter\" to findOne() must be an object, got [object Object]","method":"POST","service":"user-service","url":"/newAccomodation"}
{"date":"2023-08-11T14:59:37.273Z","level":"error","message":"Parameter \"filter\" to findOne() must be an object, got [object Object]","method":"POST","service":"user-service","url":"/newAccomodation"}
{"date":"2023-08-11T15:04:16.895Z","level":"error","message":"host validation failed: title: Path `title` is required.","method":"POST","service":"user-service","url":"/newAccomodation"}
{"date":"2023-08-11T15:04:18.871Z","level":"error","message":"host validation failed: title: Path `title` is required.","method":"POST","service":"user-service","url":"/newAccomodation"}
{"date":"2023-08-11T15:05:18.190Z","level":"error","message":"host validation failed: title: Path `title` is required.","method":"POST","service":"user-service","url":"/newAccomodation"}
{"date":"2023-08-11T15:06:21.148Z","level":"error","message":"host validation failed: title: Path `title` is required.","method":"POST","service":"user-service","url":"/newAccomodation"}
{"date":"2023-08-11T15:08:21.707Z","level":"error","message":"host validation failed: title: Path `title` is required.","method":"POST","service":"user-service","url":"/newAccomodation"}
{"date":"2023-08-11T15:08:59.504Z","level":"error","message":"host validation failed: title: Path `title` is required.","method":"POST","service":"user-service","url":"/newAccomodation"}
{"date":"2023-08-11T15:09:44.876Z","level":"error","message":"Cannot destructure property 'title' of 'req.body' as it is undefined.","service":"user-service"}
{"date":"2023-08-11T15:10:05.201Z","level":"error","message":"host validation failed: title: Path `title` is required.","method":"POST","service":"user-service","url":"/newAccomodation"}
{"date":"2023-08-11T15:10:06.781Z","level":"error","message":"host validation failed: title: Path `title` is required.","method":"POST","service":"user-service","url":"/newAccomodation"}
{"date":"2023-08-11T15:11:15.083Z","level":"error","message":"host validation failed: title: Path `title` is required.","method":"POST","service":"user-service","url":"/newAccomodation"}
{"date":"2023-08-11T15:11:22.642Z","level":"error","message":"host validation failed: title: Path `title` is required.","method":"POST","service":"user-service","url":"/newAccomodation"}
{"date":"2023-08-11T15:11:42.869Z","level":"error","message":"host validation failed: title: Path `title` is required.","method":"POST","service":"user-service","url":"/newAccomodation"}
{"date":"2023-08-11T15:13:28.839Z","level":"error","message":"host validation failed: title: Path `title` is required.","method":"POST","service":"user-service","url":"/newAccomodation"}
{"date":"2023-08-11T15:17:40.343Z","level":"error","message":"host validation failed: title: Path `title` is required.","method":"POST","service":"user-service","url":"/newAccomodation"}
{"date":"2023-08-11T15:20:07.395Z","level":"error","message":"host validation failed: title: Path `title` is required.","method":"POST","service":"user-service","url":"/newAccomodation"}
{"date":"2023-08-11T15:23:39.737Z","level":"error","message":"host validation failed: title: Path `title` is required.","method":"POST","service":"user-service","url":"/newAccomodation"}
{"date":"2023-08-11T15:28:20.479Z","level":"error","message":"host validation failed: title: Path `title` is required.","method":"POST","service":"user-service","url":"/newAccomodation"}
{"date":"2023-08-11T15:34:55.616Z","level":"error","message":"host validation failed: title: Path `title` is required.","method":"POST","service":"user-service","url":"/newAccomodation"}
{"date":"2023-08-11T15:35:46.870Z","level":"error","message":"host validation failed: title: Path `title` is required.","method":"POST","service":"user-service","url":"/newAccomodation"}
{"date":"2023-08-11T15:37:44.668Z","level":"error","message":"host validation failed: title: Path `title` is required.","method":"POST","service":"user-service","url":"/newAccomodation"}
{"date":"2023-08-11T15:38:56.263Z","level":"error","message":"host validation failed: title: Path `title` is required.","method":"POST","service":"user-service","url":"/newAccomodation"}
{"date":"2023-08-11T15:39:41.002Z","level":"error","message":"host validation failed: title: Path `title` is required.","method":"POST","service":"user-service","url":"/newAccomodation"}
{"date":"2023-08-11T15:40:50.143Z","level":"error","message":"host validation failed: title: Path `title` is required.","method":"POST","service":"user-service","url":"/newAccomodation"}
{"date":"2023-08-11T15:40:56.298Z","level":"error","message":"host validation failed: title: Path `title` is required.","method":"POST","service":"user-service","url":"/newAccomodation"}
{"date":"2023-08-11T15:41:29.989Z","level":"error","message":"host validation failed: title: Path `title` is required.","method":"POST","service":"user-service","url":"/newAccomodation"}
{"date":"2023-08-11T15:42:23.030Z","level":"error","message":"host validation failed: title: Path `title` is required.","method":"POST","service":"user-service","url":"/newAccomodation"}
{"date":"2023-08-11T15:42:48.307Z","level":"error","message":"host validation failed: title: Path `title` is required.","method":"POST","service":"user-service","url":"/newAccomodation"}
{"date":"2023-08-11T15:42:58.964Z","level":"error","message":"host validation failed: title: Path `title` is required.","method":"POST","service":"user-service","url":"/newAccomodation"}
{"date":"2023-08-11T15:44:14.632Z","level":"error","message":"host validation failed: title: Path `title` is required.","method":"POST","service":"user-service","url":"/newAccomodation"}
{"date":"2023-08-11T15:45:00.475Z","level":"error","message":"host validation failed: title: Path `title` is required.","method":"POST","service":"user-service","url":"/newAccomodation"}
{"date":"2023-08-11T15:45:01.894Z","level":"error","message":"host validation failed: title: Path `title` is required.","method":"POST","service":"user-service","url":"/newAccomodation"}
{"date":"2023-08-11T15:48:40.598Z","level":"error","message":"host validation failed: title: Path `title` is required.","method":"POST","service":"user-service","url":"/newAccomodation"}
{"date":"2023-08-11T15:50:56.976Z","level":"error","message":"host validation failed: title: Path `title` is required.","method":"POST","service":"user-service","url":"/newAccomodation"}
{"date":"2023-08-11T15:55:45.737Z","level":"error","message":"E11000 duplicate key error collection: testDB.hosts index: accomodations.title_1 dup key: { accomodations.title: null }","method":"POST","service":"user-service","url":"/newAccomodation"}
{"date":"2023-08-11T15:56:06.087Z","level":"error","message":"E11000 duplicate key error collection: testDB.hosts index: accomodations.title_1 dup key: { accomodations.title: null }","method":"POST","service":"user-service","url":"/newAccomodation"}
{"date":"2023-08-11T15:57:09.977Z","level":"error","message":"E11000 duplicate key error collection: testDB.hosts index: accomodations.title_1 dup key: { accomodations.title: null }","method":"POST","service":"user-service","url":"/newAccomodation"}
{"date":"2023-08-11T15:57:44.640Z","level":"error","message":"E11000 duplicate key error collection: testDB.hosts index: accomodations.title_1 dup key: { accomodations.title: null }","method":"POST","service":"user-service","url":"/newAccomodation"}
{"date":"2023-08-11T15:58:26.511Z","level":"error","message":"E11000 duplicate key error collection: testDB.hosts index: accomodations.title_1 dup key: { accomodations.title: null }","method":"POST","service":"user-service","url":"/newAccomodation"}
{"date":"2023-08-11T15:58:28.465Z","level":"error","message":"E11000 duplicate key error collection: testDB.hosts index: accomodations.title_1 dup key: { accomodations.title: null }","method":"POST","service":"user-service","url":"/newAccomodation"}
{"date":"2023-08-11T15:58:30.449Z","level":"error","message":"E11000 duplicate key error collection: testDB.hosts index: accomodations.title_1 dup key: { accomodations.title: null }","method":"POST","service":"user-service","url":"/newAccomodation"}
{"date":"2023-08-11T15:59:10.483Z","level":"error","message":"E11000 duplicate key error collection: testDB.hosts index: accomodations.title_1 dup key: { accomodations.title: null }","method":"POST","service":"user-service","url":"/newAccomodation"}
{"date":"2023-08-11T15:59:11.943Z","level":"error","message":"E11000 duplicate key error collection: testDB.hosts index: accomodations.title_1 dup key: { accomodations.title: null }","method":"POST","service":"user-service","url":"/newAccomodation"}
{"date":"2023-08-11T15:59:37.393Z","level":"error","message":"E11000 duplicate key error collection: testDB.hosts index: accomodations.title_1 dup key: { accomodations.title: null }","method":"POST","service":"user-service","url":"/newAccomodation"}
{"date":"2023-08-11T16:02:27.936Z","level":"error","message":"E11000 duplicate key error collection: testDB.hosts index: accomodations.title_1 dup key: { accomodations.title: null }","method":"POST","service":"user-service","url":"/newAccomodation"}
{"date":"2023-08-11T16:02:52.728Z","level":"error","message":"E11000 duplicate key error collection: testDB.hosts index: accomodations.title_1 dup key: { accomodations.title: null }","method":"POST","service":"user-service","url":"/newAccomodation"}
{"date":"2023-08-11T16:03:17.337Z","level":"error","message":"E11000 duplicate key error collection: testDB.hosts index: accomodations.title_1 dup key: { accomodations.title: null }","method":"POST","service":"user-service","url":"/newAccomodation"}
{"date":"2023-08-11T16:05:43.894Z","level":"error","message":"Accomodation already exist","method":"POST","service":"user-service","url":"/newAccomodation"}
{"date":"2023-08-11T16:06:09.426Z","level":"error","message":"E11000 duplicate key error collection: testDB.hosts index: accomodations.title_1 dup key: { accomodations.title: null }","method":"POST","service":"user-service","url":"/newAccomodation"}
{"date":"2023-08-11T16:06:49.516Z","level":"error","message":"E11000 duplicate key error collection: testDB.hosts index: accomodations.title_1 dup key: { accomodations.title: null }","method":"POST","service":"user-service","url":"/newAccomodation"}
{"date":"2023-08-11T16:07:26.526Z","level":"error","message":"Accomodation already exist","method":"POST","service":"user-service","url":"/newAccomodation"}
{"date":"2023-08-11T16:07:31.490Z","level":"error","message":"E11000 duplicate key error collection: testDB.hosts index: accomodations.title_1 dup key: { accomodations.title: null }","method":"POST","service":"user-service","url":"/newAccomodation"}
{"date":"2023-08-11T16:08:08.586Z","level":"error","message":"E11000 duplicate key error collection: testDB.hosts index: accomodations.title_1 dup key: { accomodations.title: null }","method":"POST","service":"user-service","url":"/newAccomodation"}
{"date":"2023-08-11T16:08:25.508Z","level":"error","message":"E11000 duplicate key error collection: testDB.hosts index: accomodations.title_1 dup key: { accomodations.title: null }","method":"POST","service":"user-service","url":"/newAccomodation"}
{"date":"2023-08-11T16:09:15.075Z","level":"error","message":"E11000 duplicate key error collection: testDB.hosts index: accomodations.title_1 dup key: { accomodations.title: null }","method":"POST","service":"user-service","url":"/newAccomodation"}
{"date":"2023-08-11T16:09:17.507Z","level":"error","message":"E11000 duplicate key error collection: testDB.hosts index: accomodations.title_1 dup key: { accomodations.title: null }","method":"POST","service":"user-service","url":"/newAccomodation"}
{"date":"2023-08-11T16:10:01.800Z","level":"error","message":"E11000 duplicate key error collection: testDB.hosts index: accomodations.title_1 dup key: { accomodations.title: null }","method":"POST","service":"user-service","url":"/newAccomodation"}
{"date":"2023-08-11T16:10:54.441Z","level":"error","message":"Accomodation already exist","method":"POST","service":"user-service","url":"/newAccomodation"}
{"date":"2023-08-11T16:11:02.611Z","level":"error","message":"E11000 duplicate key error collection: testDB.hosts index: accomodations.title_1 dup key: { accomodations.title: null }","method":"POST","service":"user-service","url":"/newAccomodation"}
{"date":"2023-08-11T16:11:53.648Z","level":"error","message":"E11000 duplicate key error collection: testDB.hosts index: accomodations.title_1 dup key: { accomodations.title: null }","method":"POST","service":"user-service","url":"/newAccomodation"}
{"date":"2023-08-11T16:12:01.750Z","level":"error","message":"Accomodation already exist","method":"POST","service":"user-service","url":"/newAccomodation"}
{"date":"2023-08-11T16:12:15.408Z","level":"error","message":"E11000 duplicate key error collection: testDB.hosts index: accomodations.title_1 dup key: { accomodations.title: null }","method":"POST","service":"user-service","url":"/newAccomodation"}
{"date":"2023-08-11T16:13:29.122Z","level":"error","message":"E11000 duplicate key error collection: testDB.hosts index: accomodations.title_1 dup key: { accomodations.title: null }","method":"POST","service":"user-service","url":"/newAccomodation"}
{"date":"2023-08-11T16:13:30.500Z","level":"error","message":"E11000 duplicate key error collection: testDB.hosts index: accomodations.title_1 dup key: { accomodations.title: null }","method":"POST","service":"user-service","url":"/newAccomodation"}
{"date":"2023-08-11T16:14:15.504Z","level":"error","message":"E11000 duplicate key error collection: testDB.hosts index: accomodations.title_1 dup key: { accomodations.title: null }","method":"POST","service":"user-service","url":"/newAccomodation"}
{"date":"2023-08-11T16:14:33.397Z","level":"error","message":"E11000 duplicate key error collection: testDB.hosts index: accomodations.title_1 dup key: { accomodations.title: null }","method":"POST","service":"user-service","url":"/newAccomodation"}
{"date":"2023-08-11T16:16:14.609Z","level":"error","message":"E11000 duplicate key error collection: testDB.hosts index: accomodations.title_1 dup key: { accomodations.title: null }","method":"POST","service":"user-service","url":"/newAccomodation"}
{"date":"2023-08-11T16:16:16.782Z","level":"error","message":"E11000 duplicate key error collection: testDB.hosts index: accomodations.title_1 dup key: { accomodations.title: null }","method":"POST","service":"user-service","url":"/newAccomodation"}
{"date":"2023-08-11T16:16:37.508Z","level":"error","message":"E11000 duplicate key error collection: testDB.hosts index: accomodations.title_1 dup key: { accomodations.title: null }","method":"POST","service":"user-service","url":"/newAccomodation"}
{"date":"2023-08-11T16:16:58.390Z","level":"error","message":"Parameter \"filter\" to findOne() must be an object, got ABCD","method":"POST","service":"user-service","url":"/newAccomodation"}
{"date":"2023-08-11T16:17:08.481Z","level":"error","message":"E11000 duplicate key error collection: testDB.hosts index: accomodations.title_1 dup key: { accomodations.title: null }","method":"POST","service":"user-service","url":"/newAccomodation"}
{"date":"2023-08-11T16:17:10.012Z","level":"error","message":"E11000 duplicate key error collection: testDB.hosts index: accomodations.title_1 dup key: { accomodations.title: null }","method":"POST","service":"user-service","url":"/newAccomodation"}
{"date":"2023-08-11T16:17:34.888Z","level":"error","message":"Parameter \"filter\" to findOne() must be an object, got [object Object]","method":"POST","service":"user-service","url":"/newAccomodation"}
{"date":"2023-08-11T16:17:36.170Z","level":"error","message":"Parameter \"filter\" to findOne() must be an object, got [object Object]","method":"POST","service":"user-service","url":"/newAccomodation"}
{"date":"2023-08-11T16:17:47.144Z","level":"error","message":"E11000 duplicate key error collection: testDB.hosts index: accomodations.title_1 dup key: { accomodations.title: null }","method":"POST","service":"user-service","url":"/newAccomodation"}
{"date":"2023-08-11T16:17:48.706Z","level":"error","message":"E11000 duplicate key error collection: testDB.hosts index: accomodations.title_1 dup key: { accomodations.title: null }","method":"POST","service":"user-service","url":"/newAccomodation"}
{"date":"2023-08-11T16:18:04.144Z","level":"error","message":"Accomodation already exist","method":"POST","service":"user-service","url":"/newAccomodation"}
{"date":"2023-08-11T16:18:06.029Z","level":"error","message":"Accomodation already exist","method":"POST","service":"user-service","url":"/newAccomodation"}
{"date":"2023-08-11T16:18:27.178Z","level":"error","message":"Accomodation already exist","method":"POST","service":"user-service","url":"/newAccomodation"}
{"date":"2023-08-11T16:18:32.408Z","level":"error","message":"Accomodation already exist","method":"POST","service":"user-service","url":"/newAccomodation"}
{"date":"2023-08-11T16:18:35.455Z","level":"error","message":"Accomodation already exist","method":"POST","service":"user-service","url":"/newAccomodation"}
{"date":"2023-08-11T16:18:40.194Z","level":"error","message":"Accomodation already exist","method":"POST","service":"user-service","url":"/newAccomodation"}
{"date":"2023-08-11T16:19:13.834Z","level":"error","message":"E11000 duplicate key error collection: testDB.hosts index: accomodations.title_1 dup key: { accomodations.title: null }","method":"POST","service":"user-service","url":"/newAccomodation"}
{"date":"2023-08-11T16:19:15.260Z","level":"error","message":"E11000 duplicate key error collection: testDB.hosts index: accomodations.title_1 dup key: { accomodations.title: null }","method":"POST","service":"user-service","url":"/newAccomodation"}
{"date":"2023-08-11T16:22:41.339Z","level":"error","message":"_id is not defined","method":"POST","service":"user-service","url":"/newAccomodation"}
{"date":"2023-08-11T16:23:15.901Z","level":"error","message":"id is not defined","method":"POST","service":"user-service","url":"/newAccomodation"}
{"date":"2023-08-11T16:23:16.058Z","level":"error","message":"id is not defined","method":"POST","service":"user-service","url":"/newAccomodation"}
{"date":"2023-08-11T16:23:18.282Z","level":"error","message":"id is not defined","method":"POST","service":"user-service","url":"/newAccomodation"}
{"date":"2023-08-11T16:23:27.167Z","level":"error","message":"id is not defined","method":"POST","service":"user-service","url":"/newAccomodation"}
{"date":"2023-08-11T16:32:11.312Z","level":"error","message":"Accomodation already exist","method":"POST","service":"user-service","url":"/newAccomodation"}
{"date":"2023-08-11T16:32:14.165Z","level":"error","message":"Accomodation already exist","method":"POST","service":"user-service","url":"/newAccomodation"}
{"date":"2023-08-11T16:32:20.351Z","level":"error","message":"E11000 duplicate key error collection: testDB.hosts index: accomodations.title_1 dup key: { accomodations.title: null }","method":"POST","service":"user-service","url":"/newAccomodation"}
{"date":"2023-08-11T16:34:23.086Z","level":"error","message":"Accomodation already exist","method":"POST","service":"user-service","url":"/newAccomodation"}
{"date":"2023-08-11T16:34:27.962Z","level":"error","message":"E11000 duplicate key error collection: testDB.hosts index: accomodations.title_1 dup key: { accomodations.title: null }","method":"POST","service":"user-service","url":"/newAccomodation"}
{"date":"2023-08-11T16:35:07.269Z","level":"error","message":"E11000 duplicate key error collection: testDB.hosts index: accomodations.title_1 dup key: { accomodations.title: null }","method":"POST","service":"user-service","url":"/newAccomodation"}
{"date":"2023-08-11T16:35:08.486Z","level":"error","message":"E11000 duplicate key error collection: testDB.hosts index: accomodations.title_1 dup key: { accomodations.title: null }","method":"POST","service":"user-service","url":"/newAccomodation"}
{"date":"2023-08-11T16:35:11.299Z","level":"error","message":"E11000 duplicate key error collection: testDB.hosts index: accomodations.title_1 dup key: { accomodations.title: null }","method":"POST","service":"user-service","url":"/newAccomodation"}
{"date":"2023-08-11T16:35:19.682Z","level":"error","message":"E11000 duplicate key error collection: testDB.hosts index: accomodations.title_1 dup key: { accomodations.title: null }","method":"POST","service":"user-service","url":"/newAccomodation"}
{"date":"2023-08-11T16:35:21.151Z","level":"error","message":"E11000 duplicate key error collection: testDB.hosts index: accomodations.title_1 dup key: { accomodations.title: null }","method":"POST","service":"user-service","url":"/newAccomodation"}
{"date":"2023-08-11T16:37:29.130Z","level":"error","message":"Accomodation already exist","method":"POST","service":"user-service","url":"/newAccomodation"}
{"date":"2023-08-11T16:37:34.335Z","level":"error","message":"E11000 duplicate key error collection: testDB.hosts index: accomodations.title_1 dup key: { accomodations.title: null }","method":"POST","service":"user-service","url":"/newAccomodation"}
{"date":"2023-08-12T08:42:25.292Z","level":"error","message":"The provided authorization grant is invalid, expired, or revoked","method":"POST","service":"user-service","url":"/requestEmailToken"}
{"date":"2023-08-12T08:45:52.393Z","level":"error","message":"host validation failed: title: Path `title` is required.","method":"POST","service":"user-service","url":"/newAccomodation"}
{"date":"2023-08-12T08:46:58.661Z","level":"error","message":"host validation failed: title: Path `title` is required.","method":"POST","service":"user-service","url":"/newAccomodation"}
{"date":"2023-08-12T08:50:15.961Z","level":"error","message":"E11000 duplicate key error collection: testDB.hosts index: accomodations.title_1 dup key: { accomodations.title: null }","method":"POST","service":"user-service","url":"/newAccomodation"}
{"date":"2023-08-12T10:11:39.732Z","level":"error","message":"accomodation validation failed: location.latitude: Path `location.latitude` is required., title: Path `title` is required.","method":"POST","service":"user-service","url":"/newAccomodation"}
{"date":"2023-08-12T10:14:33.085Z","level":"error","message":"accomodation validation failed: location.latitude: Path `location.latitude` is required.","method":"POST","service":"user-service","url":"/newAccomodation"}
{"date":"2023-08-12T10:45:39.421Z","level":"error","message":"Accomodation already exist","method":"POST","service":"user-service","url":"/newAccomodation"}
{"date":"2023-08-12T10:46:09.965Z","level":"error","message":"Accomodation already exist","method":"POST","service":"user-service","url":"/newAccomodation"}
{"date":"2023-08-12T11:23:11.196Z","level":"error","message":"Accomodation already exist","method":"POST","service":"user-service","url":"/newAccomodation"}
{"date":"2023-08-12T11:25:38.099Z","level":"error","message":"Cast to ObjectId failed for value \"64sd76b810470ecce4ce29e6f\" (type string) at path \"_id\" for model \"accomodation\"","method":"PUT","service":"user-service","url":"/updateAccomodation/64sd76b810470ecce4ce29e6f"}
{"date":"2023-08-12T11:35:55.240Z","level":"error","message":"isActive is not defined","method":"GET","service":"user-service","url":"/getAccomodations"}
{"date":"2023-08-12T11:39:17.460Z","level":"error","message":"Accomodation does not exist","method":"PUT","service":"user-service","url":"/updateAccomodation/64d76b810470ecce4ce29e6f"}
{"date":"2023-08-12T12:27:15.150Z","level":"error","message":"Accomodation already exist","method":"POST","service":"user-service","url":"/newAccomodation"}
{"date":"2023-08-12T12:28:08.026Z","level":"error","message":"Accomodation already exist","method":"POST","service":"user-service","url":"/newAccomodation"}
{"date":"2023-08-12T12:37:25.159Z","level":"error","message":"error processing query: ns=testDB.accomodationsTree: $and\n    isActive $eq true\n    GEONEAR  field=location maxdist=10000 isNearSphere=0\nSort: {}\nProj: {}\n planner returned error :: caused by :: unable to find index for $geoNear query","method":"POST","service":"user-service","url":"/getAccomodations"}
{"date":"2023-08-15T08:33:15.251Z","level":"error","message":"reviews validation failed: userId: Path `userId` is required., rating: validator is not defined","method":"POST","service":"user-service","url":"/:id/newReview"}
{"date":"2023-08-15T08:34:08.741Z","level":"error","message":"reviews validation failed: rating: validator is not defined","method":"POST","service":"user-service","url":"/:id/newReview"}
{"date":"2023-08-15T08:34:29.827Z","level":"error","message":"reviews validation failed: rating: validator is not defined","method":"POST","service":"user-service","url":"/:id/newReview"}
{"date":"2023-08-15T08:36:16.725Z","level":"error","message":"reviews validation failed: rating: Expected a string but received a number","method":"POST","service":"user-service","url":"/:id/newReview"}
{"date":"2023-08-15T08:36:48.477Z","level":"error","message":"reviews validation failed: rating: validator is not a function","method":"POST","service":"user-service","url":"/:id/newReview"}
{"date":"2023-08-15T08:36:53.977Z","level":"error","message":"reviews validation failed: rating: validator is not a function","method":"POST","service":"user-service","url":"/:id/newReview"}
{"date":"2023-08-15T08:44:59.799Z","level":"error","message":"reviews validation failed: userId: Path `userId` is required.","method":"POST","service":"user-service","url":"/:id/newReview"}
{"date":"2023-08-15T08:45:13.310Z","level":"error","message":"reviews validation failed: userId: Path `userId` is required.","method":"POST","service":"user-service","url":"/:id/newReview"}
{"date":"2023-08-15T08:49:20.938Z","level":"error","message":"Unauthorized User","method":"POST","service":"user-service","url":"/:id/newReview"}
{"date":"2023-08-15T08:59:46.792Z","level":"error","message":"Unauthorized User","method":"POST","service":"user-service","url":"/:id/newReview"}
{"date":"2023-08-15T08:59:47.929Z","level":"error","message":"Unauthorized User","method":"POST","service":"user-service","url":"/:id/newReview"}
{"date":"2023-08-15T09:00:34.106Z","level":"error","message":"reviews validation failed: rating: Ratings must be between 0 and 5.","method":"POST","service":"user-service","url":"/:id/newReview"}
{"date":"2023-08-15T09:00:36.184Z","level":"error","message":"reviews validation failed: rating: Ratings must be between 0 and 5.","method":"POST","service":"user-service","url":"/:id/newReview"}
{"date":"2023-08-15T09:03:12.241Z","level":"error","message":"reviews validation failed: rating: Ratings must be between 0 and 5.","method":"POST","service":"user-service","url":"/64d77a5b3f32bb57eaaf6cd9/newReview"}
{"date":"2023-08-15T10:12:34.596Z","level":"error","message":"Cast to ObjectId failed for value \"{ accomodationId: undefined }\" (type Object) at path \"_id\" for model \"reviews\"","method":"GET","service":"user-service","url":"/64d77aab3f32bb57eaaf6cdf/getReviews"}
{"date":"2023-08-15T10:12:36.603Z","level":"error","message":"Cast to ObjectId failed for value \"{ accomodationId: undefined }\" (type Object) at path \"_id\" for model \"reviews\"","method":"GET","service":"user-service","url":"/64d77aab3f32bb57eaaf6cdf/getReviews"}
{"date":"2023-08-15T10:12:37.255Z","level":"error","message":"Cast to ObjectId failed for value \"{ accomodationId: undefined }\" (type Object) at path \"_id\" for model \"reviews\"","method":"GET","service":"user-service","url":"/64d77aab3f32bb57eaaf6cdf/getReviews"}
{"date":"2023-08-15T10:12:37.440Z","level":"error","message":"Cast to ObjectId failed for value \"{ accomodationId: undefined }\" (type Object) at path \"_id\" for model \"reviews\"","method":"GET","service":"user-service","url":"/64d77aab3f32bb57eaaf6cdf/getReviews"}
{"date":"2023-08-15T10:12:58.253Z","level":"error","message":"Cast to ObjectId failed for value \"{ accomodationId: undefined }\" (type Object) at path \"_id\" for model \"reviews\"","method":"GET","service":"user-service","url":"/64d77aab3f32bb57eaaf6cdf/getReviews"}
{"date":"2023-08-15T10:12:59.206Z","level":"error","message":"Cast to ObjectId failed for value \"{ accomodationId: undefined }\" (type Object) at path \"_id\" for model \"reviews\"","method":"GET","service":"user-service","url":"/64d77aab3f32bb57eaaf6cdf/getReviews"}
{"date":"2023-08-15T10:13:06.459Z","level":"error","message":"Cast to ObjectId failed for value \"{ accomodationId: undefined }\" (type Object) at path \"_id\" for model \"reviews\"","method":"GET","service":"user-service","url":"/64d77aab3f32bb57eaaf6cdf/getReviews"}
{"date":"2023-08-15T10:13:07.195Z","level":"error","message":"Cast to ObjectId failed for value \"{ accomodationId: undefined }\" (type Object) at path \"_id\" for model \"reviews\"","method":"GET","service":"user-service","url":"/64d77aab3f32bb57eaaf6cdf/getReviews"}
{"date":"2023-08-15T10:13:25.826Z","level":"error","message":"Cast to ObjectId failed for value \"{ accomodationId: undefined }\" (type Object) at path \"_id\" for model \"reviews\"","method":"GET","service":"user-service","url":"/64d77aab3f32bb57eaaf6cdf/getReviews"}
{"date":"2023-08-15T10:13:27.007Z","level":"error","message":"Cast to ObjectId failed for value \"{ accomodationId: undefined }\" (type Object) at path \"_id\" for model \"reviews\"","method":"GET","service":"user-service","url":"/64d77aab3f32bb57eaaf6cdf/getReviews"}
{"date":"2023-08-15T10:13:27.663Z","level":"error","message":"Cast to ObjectId failed for value \"{ accomodationId: undefined }\" (type Object) at path \"_id\" for model \"reviews\"","method":"GET","service":"user-service","url":"/64d77aab3f32bb57eaaf6cdf/getReviews"}
{"date":"2023-08-15T10:13:37.317Z","level":"error","message":"Cast to ObjectId failed for value \"{ accomodationId: '64d77aab3f32bb57eaaf6cdf' }\" (type Object) at path \"_id\" for model \"reviews\"","method":"GET","service":"user-service","url":"/64d77aab3f32bb57eaaf6cdf/getReviews"}
{"date":"2023-08-15T10:13:38.116Z","level":"error","message":"Cast to ObjectId failed for value \"{ accomodationId: '64d77aab3f32bb57eaaf6cdf' }\" (type Object) at path \"_id\" for model \"reviews\"","method":"GET","service":"user-service","url":"/64d77aab3f32bb57eaaf6cdf/getReviews"}
{"date":"2023-08-15T10:13:38.439Z","level":"error","message":"Cast to ObjectId failed for value \"{ accomodationId: '64d77aab3f32bb57eaaf6cdf' }\" (type Object) at path \"_id\" for model \"reviews\"","method":"GET","service":"user-service","url":"/64d77aab3f32bb57eaaf6cdf/getReviews"}
{"date":"2023-08-15T10:13:38.626Z","level":"error","message":"Cast to ObjectId failed for value \"{ accomodationId: '64d77aab3f32bb57eaaf6cdf' }\" (type Object) at path \"_id\" for model \"reviews\"","method":"GET","service":"user-service","url":"/64d77aab3f32bb57eaaf6cdf/getReviews"}
{"date":"2023-08-15T10:13:38.807Z","level":"error","message":"Cast to ObjectId failed for value \"{ accomodationId: '64d77aab3f32bb57eaaf6cdf' }\" (type Object) at path \"_id\" for model \"reviews\"","method":"GET","service":"user-service","url":"/64d77aab3f32bb57eaaf6cdf/getReviews"}
{"date":"2023-08-15T10:13:38.985Z","level":"error","message":"Cast to ObjectId failed for value \"{ accomodationId: '64d77aab3f32bb57eaaf6cdf' }\" (type Object) at path \"_id\" for model \"reviews\"","method":"GET","service":"user-service","url":"/64d77aab3f32bb57eaaf6cdf/getReviews"}
{"date":"2023-08-15T10:13:50.992Z","level":"error","message":"Cast to ObjectId failed for value \"{ accomodationId: '64d77aab3f32bb57eaaf6cdf' }\" (type Object) at path \"_id\" for model \"reviews\"","method":"GET","service":"user-service","url":"/64d77aab3f32bb57eaaf6cdf/getReviews"}
{"date":"2023-08-15T10:13:51.669Z","level":"error","message":"Cast to ObjectId failed for value \"{ accomodationId: '64d77aab3f32bb57eaaf6cdf' }\" (type Object) at path \"_id\" for model \"reviews\"","method":"GET","service":"user-service","url":"/64d77aab3f32bb57eaaf6cdf/getReviews"}
{"date":"2023-08-15T10:14:00.836Z","level":"error","message":"Cast to ObjectId failed for value \"{ accomodationId: '64d77aab3f32bb57eaaf6cdf' }\" (type Object) at path \"_id\" for model \"reviews\"","method":"GET","service":"user-service","url":"/64d77aab3f32bb57eaaf6cdf/getReviews"}
{"date":"2023-08-15T10:14:02.061Z","level":"error","message":"Cast to ObjectId failed for value \"{ accomodationId: '64d77aab3f32bb57eaaf6cdf' }\" (type Object) at path \"_id\" for model \"reviews\"","method":"GET","service":"user-service","url":"/64d77aab3f32bb57eaaf6cdf/getReviews"}
{"date":"2023-08-15T10:14:02.455Z","level":"error","message":"Cast to ObjectId failed for value \"{ accomodationId: '64d77aab3f32bb57eaaf6cdf' }\" (type Object) at path \"_id\" for model \"reviews\"","method":"GET","service":"user-service","url":"/64d77aab3f32bb57eaaf6cdf/getReviews"}
{"date":"2023-08-15T10:14:02.646Z","level":"error","message":"Cast to ObjectId failed for value \"{ accomodationId: '64d77aab3f32bb57eaaf6cdf' }\" (type Object) at path \"_id\" for model \"reviews\"","method":"GET","service":"user-service","url":"/64d77aab3f32bb57eaaf6cdf/getReviews"}
{"date":"2023-08-15T10:14:29.844Z","level":"error","message":"Cast to ObjectId failed for value \"{ accomodationId: undefined }\" (type Object) at path \"_id\" for model \"reviews\"","method":"GET","service":"user-service","url":"/64d77aab3f32bb57eaaf6cdf/getReviews"}
{"date":"2023-08-15T10:14:30.538Z","level":"error","message":"Cast to ObjectId failed for value \"{ accomodationId: undefined }\" (type Object) at path \"_id\" for model \"reviews\"","method":"GET","service":"user-service","url":"/64d77aab3f32bb57eaaf6cdf/getReviews"}
{"date":"2023-08-15T10:14:31.094Z","level":"error","message":"Cast to ObjectId failed for value \"{ accomodationId: undefined }\" (type Object) at path \"_id\" for model \"reviews\"","method":"GET","service":"user-service","url":"/64d77aab3f32bb57eaaf6cdf/getReviews"}
{"date":"2023-08-15T10:14:31.270Z","level":"error","message":"Cast to ObjectId failed for value \"{ accomodationId: undefined }\" (type Object) at path \"_id\" for model \"reviews\"","method":"GET","service":"user-service","url":"/64d77aab3f32bb57eaaf6cdf/getReviews"}
{"date":"2023-08-15T10:14:31.452Z","level":"error","message":"Cast to ObjectId failed for value \"{ accomodationId: undefined }\" (type Object) at path \"_id\" for model \"reviews\"","method":"GET","service":"user-service","url":"/64d77aab3f32bb57eaaf6cdf/getReviews"}
{"date":"2023-08-15T10:14:31.616Z","level":"error","message":"Cast to ObjectId failed for value \"{ accomodationId: undefined }\" (type Object) at path \"_id\" for model \"reviews\"","method":"GET","service":"user-service","url":"/64d77aab3f32bb57eaaf6cdf/getReviews"}
{"date":"2023-08-15T10:14:31.809Z","level":"error","message":"Cast to ObjectId failed for value \"{ accomodationId: undefined }\" (type Object) at path \"_id\" for model \"reviews\"","method":"GET","service":"user-service","url":"/64d77aab3f32bb57eaaf6cdf/getReviews"}
{"date":"2023-08-15T10:14:46.936Z","level":"error","message":"Cast to ObjectId failed for value \"{ accomodationId: '64d77aab3f32bb57eaaf6cdf' }\" (type Object) at path \"_id\" for model \"reviews\"","method":"GET","service":"user-service","url":"/64d77aab3f32bb57eaaf6cdf/getReviews"}
{"date":"2023-08-15T10:14:47.623Z","level":"error","message":"Cast to ObjectId failed for value \"{ accomodationId: '64d77aab3f32bb57eaaf6cdf' }\" (type Object) at path \"_id\" for model \"reviews\"","method":"GET","service":"user-service","url":"/64d77aab3f32bb57eaaf6cdf/getReviews"}
{"date":"2023-08-15T10:14:48.077Z","level":"error","message":"Cast to ObjectId failed for value \"{ accomodationId: '64d77aab3f32bb57eaaf6cdf' }\" (type Object) at path \"_id\" for model \"reviews\"","method":"GET","service":"user-service","url":"/64d77aab3f32bb57eaaf6cdf/getReviews"}
{"date":"2023-08-15T10:14:48.273Z","level":"error","message":"Cast to ObjectId failed for value \"{ accomodationId: '64d77aab3f32bb57eaaf6cdf' }\" (type Object) at path \"_id\" for model \"reviews\"","method":"GET","service":"user-service","url":"/64d77aab3f32bb57eaaf6cdf/getReviews"}
{"date":"2023-08-15T10:14:48.439Z","level":"error","message":"Cast to ObjectId failed for value \"{ accomodationId: '64d77aab3f32bb57eaaf6cdf' }\" (type Object) at path \"_id\" for model \"reviews\"","method":"GET","service":"user-service","url":"/64d77aab3f32bb57eaaf6cdf/getReviews"}
{"date":"2023-08-15T10:14:48.616Z","level":"error","message":"Cast to ObjectId failed for value \"{ accomodationId: '64d77aab3f32bb57eaaf6cdf' }\" (type Object) at path \"_id\" for model \"reviews\"","method":"GET","service":"user-service","url":"/64d77aab3f32bb57eaaf6cdf/getReviews"}
{"date":"2023-08-15T10:14:48.776Z","level":"error","message":"Cast to ObjectId failed for value \"{ accomodationId: '64d77aab3f32bb57eaaf6cdf' }\" (type Object) at path \"_id\" for model \"reviews\"","method":"GET","service":"user-service","url":"/64d77aab3f32bb57eaaf6cdf/getReviews"}
{"date":"2023-08-15T10:14:49.095Z","level":"error","message":"Cast to ObjectId failed for value \"{ accomodationId: '64d77aab3f32bb57eaaf6cdf' }\" (type Object) at path \"_id\" for model \"reviews\"","method":"GET","service":"user-service","url":"/64d77aab3f32bb57eaaf6cdf/getReviews"}
{"date":"2023-08-15T10:15:04.601Z","level":"error","message":"Cast to ObjectId failed for value \"{ accomodationId: '64d77a5b3f32bb57eaaf6cd9' }\" (type Object) at path \"_id\" for model \"reviews\"","method":"GET","service":"user-service","url":"/64d77a5b3f32bb57eaaf6cd9/getReviews"}
{"date":"2023-08-15T10:15:05.217Z","level":"error","message":"Cast to ObjectId failed for value \"{ accomodationId: '64d77a5b3f32bb57eaaf6cd9' }\" (type Object) at path \"_id\" for model \"reviews\"","method":"GET","service":"user-service","url":"/64d77a5b3f32bb57eaaf6cd9/getReviews"}
{"date":"2023-08-15T10:15:05.451Z","level":"error","message":"Cast to ObjectId failed for value \"{ accomodationId: '64d77a5b3f32bb57eaaf6cd9' }\" (type Object) at path \"_id\" for model \"reviews\"","method":"GET","service":"user-service","url":"/64d77a5b3f32bb57eaaf6cd9/getReviews"}
{"date":"2023-08-15T10:15:05.620Z","level":"error","message":"Cast to ObjectId failed for value \"{ accomodationId: '64d77a5b3f32bb57eaaf6cd9' }\" (type Object) at path \"_id\" for model \"reviews\"","method":"GET","service":"user-service","url":"/64d77a5b3f32bb57eaaf6cd9/getReviews"}
{"date":"2023-08-15T10:15:05.782Z","level":"error","message":"Cast to ObjectId failed for value \"{ accomodationId: '64d77a5b3f32bb57eaaf6cd9' }\" (type Object) at path \"_id\" for model \"reviews\"","method":"GET","service":"user-service","url":"/64d77a5b3f32bb57eaaf6cd9/getReviews"}
{"date":"2023-08-15T10:15:05.963Z","level":"error","message":"Cast to ObjectId failed for value \"{ accomodationId: '64d77a5b3f32bb57eaaf6cd9' }\" (type Object) at path \"_id\" for model \"reviews\"","method":"GET","service":"user-service","url":"/64d77a5b3f32bb57eaaf6cd9/getReviews"}
{"date":"2023-08-15T10:15:06.118Z","level":"error","message":"Cast to ObjectId failed for value \"{ accomodationId: '64d77a5b3f32bb57eaaf6cd9' }\" (type Object) at path \"_id\" for model \"reviews\"","method":"GET","service":"user-service","url":"/64d77a5b3f32bb57eaaf6cd9/getReviews"}
{"date":"2023-08-15T10:15:06.306Z","level":"error","message":"Cast to ObjectId failed for value \"{ accomodationId: '64d77a5b3f32bb57eaaf6cd9' }\" (type Object) at path \"_id\" for model \"reviews\"","method":"GET","service":"user-service","url":"/64d77a5b3f32bb57eaaf6cd9/getReviews"}
{"date":"2023-08-15T10:15:06.470Z","level":"error","message":"Cast to ObjectId failed for value \"{ accomodationId: '64d77a5b3f32bb57eaaf6cd9' }\" (type Object) at path \"_id\" for model \"reviews\"","method":"GET","service":"user-service","url":"/64d77a5b3f32bb57eaaf6cd9/getReviews"}
{"date":"2023-08-15T10:15:30.817Z","level":"error","message":"Cast to ObjectId failed for value \"{ accomodationId: '64d77a5b3f32bb57eaaf6cd9' }\" (type Object) at path \"_id\" for model \"reviews\"","method":"GET","service":"user-service","url":"/64d77a5b3f32bb57eaaf6cd9/getReviews"}
{"date":"2023-08-15T10:15:31.456Z","level":"error","message":"Cast to ObjectId failed for value \"{ accomodationId: '64d77a5b3f32bb57eaaf6cd9' }\" (type Object) at path \"_id\" for model \"reviews\"","method":"GET","service":"user-service","url":"/64d77a5b3f32bb57eaaf6cd9/getReviews"}
{"date":"2023-08-15T10:15:31.660Z","level":"error","message":"Cast to ObjectId failed for value \"{ accomodationId: '64d77a5b3f32bb57eaaf6cd9' }\" (type Object) at path \"_id\" for model \"reviews\"","method":"GET","service":"user-service","url":"/64d77a5b3f32bb57eaaf6cd9/getReviews"}
{"date":"2023-08-15T10:15:58.757Z","level":"error","message":"Cast to ObjectId failed for value \"{ accomodationId: '64d77a5b3f32bb57eaaf6cd9' }\" (type Object) at path \"_id\" for model \"reviews\"","method":"GET","service":"user-service","url":"/64d77a5b3f32bb57eaaf6cd9/getReviews"}
{"date":"2023-08-15T10:15:59.649Z","level":"error","message":"Cast to ObjectId failed for value \"{ accomodationId: '64d77a5b3f32bb57eaaf6cd9' }\" (type Object) at path \"_id\" for model \"reviews\"","method":"GET","service":"user-service","url":"/64d77a5b3f32bb57eaaf6cd9/getReviews"}
{"date":"2023-08-15T10:16:00.360Z","level":"error","message":"Cast to ObjectId failed for value \"{ accomodationId: '64d77a5b3f32bb57eaaf6cd9' }\" (type Object) at path \"_id\" for model \"reviews\"","method":"GET","service":"user-service","url":"/64d77a5b3f32bb57eaaf6cd9/getReviews"}
{"date":"2023-08-15T10:16:00.576Z","level":"error","message":"Cast to ObjectId failed for value \"{ accomodationId: '64d77a5b3f32bb57eaaf6cd9' }\" (type Object) at path \"_id\" for model \"reviews\"","method":"GET","service":"user-service","url":"/64d77a5b3f32bb57eaaf6cd9/getReviews"}
{"date":"2023-08-15T10:16:00.737Z","level":"error","message":"Cast to ObjectId failed for value \"{ accomodationId: '64d77a5b3f32bb57eaaf6cd9' }\" (type Object) at path \"_id\" for model \"reviews\"","method":"GET","service":"user-service","url":"/64d77a5b3f32bb57eaaf6cd9/getReviews"}
{"date":"2023-08-15T10:16:00.942Z","level":"error","message":"Cast to ObjectId failed for value \"{ accomodationId: '64d77a5b3f32bb57eaaf6cd9' }\" (type Object) at path \"_id\" for model \"reviews\"","method":"GET","service":"user-service","url":"/64d77a5b3f32bb57eaaf6cd9/getReviews"}
{"date":"2023-08-15T10:16:01.329Z","level":"error","message":"Cast to ObjectId failed for value \"{ accomodationId: '64d77a5b3f32bb57eaaf6cd9' }\" (type Object) at path \"_id\" for model \"reviews\"","method":"GET","service":"user-service","url":"/64d77a5b3f32bb57eaaf6cd9/getReviews"}
{"date":"2023-08-15T10:16:02.581Z","level":"error","message":"Cast to ObjectId failed for value \"{ accomodationId: '64d77a5b3f32bb57eaaf6cd9' }\" (type Object) at path \"_id\" for model \"reviews\"","method":"GET","service":"user-service","url":"/64d77a5b3f32bb57eaaf6cd9/getReviews"}
{"date":"2023-08-15T10:16:03.092Z","level":"error","message":"Cast to ObjectId failed for value \"{ accomodationId: '64d77a5b3f32bb57eaaf6cd9' }\" (type Object) at path \"_id\" for model \"reviews\"","method":"GET","service":"user-service","url":"/64d77a5b3f32bb57eaaf6cd9/getReviews"}
{"date":"2023-08-15T10:16:03.294Z","level":"error","message":"Cast to ObjectId failed for value \"{ accomodationId: '64d77a5b3f32bb57eaaf6cd9' }\" (type Object) at path \"_id\" for model \"reviews\"","method":"GET","service":"user-service","url":"/64d77a5b3f32bb57eaaf6cd9/getReviews"}
{"date":"2023-08-15T10:16:03.527Z","level":"error","message":"Cast to ObjectId failed for value \"{ accomodationId: '64d77a5b3f32bb57eaaf6cd9' }\" (type Object) at path \"_id\" for model \"reviews\"","method":"GET","service":"user-service","url":"/64d77a5b3f32bb57eaaf6cd9/getReviews"}
{"date":"2023-08-15T10:16:33.483Z","level":"error","message":"Cannot read properties of null (reading 'length')","method":"GET","service":"user-service","url":"/64d77a5b3f32bb57eaaf6cd9/getReviews"}
{"date":"2023-08-15T10:16:34.519Z","level":"error","message":"Cannot read properties of null (reading 'length')","method":"GET","service":"user-service","url":"/64d77a5b3f32bb57eaaf6cd9/getReviews"}
{"date":"2023-08-15T10:16:35.578Z","level":"error","message":"Cannot read properties of null (reading 'length')","method":"GET","service":"user-service","url":"/64d77a5b3f32bb57eaaf6cd9/getReviews"}
{"date":"2023-08-15T10:16:42.027Z","level":"error","message":"Cannot read properties of null (reading 'length')","method":"GET","service":"user-service","url":"/64d77a5b3f32bb57eaaf6cd9/getReviews"}
{"date":"2023-08-15T10:16:42.598Z","level":"error","message":"Cannot read properties of null (reading 'length')","method":"GET","service":"user-service","url":"/64d77a5b3f32bb57eaaf6cd9/getReviews"}
{"date":"2023-08-15T10:16:42.851Z","level":"error","message":"Cannot read properties of null (reading 'length')","method":"GET","service":"user-service","url":"/64d77a5b3f32bb57eaaf6cd9/getReviews"}
{"date":"2023-08-15T10:16:43.027Z","level":"error","message":"Cannot read properties of null (reading 'length')","method":"GET","service":"user-service","url":"/64d77a5b3f32bb57eaaf6cd9/getReviews"}
{"date":"2023-08-15T10:17:58.053Z","level":"error","message":"Cast to ObjectId failed for value \"{ accomodationId: '64d77a5b3f32bb57eaaf6cd9' }\" (type Object) at path \"_id\" for model \"reviews\"","method":"GET","service":"user-service","url":"/64d77a5b3f32bb57eaaf6cd9/getReviews"}
{"date":"2023-08-15T10:18:04.107Z","level":"error","message":"Cast to ObjectId failed for value \"{ accomodationId: '64d77a5b3f32bb57eaaf6cd9' }\" (type Object) at path \"_id\" for model \"reviews\"","method":"GET","service":"user-service","url":"/64d77a5b3f32bb57eaaf6cd9/getReviews"}
{"date":"2023-08-15T10:19:30.798Z","level":"error","message":"Parameter \"filter\" to find() must be an object, got 64d77a5b3f32bb57eaaf6cd9","method":"GET","service":"user-service","url":"/64d77a5b3f32bb57eaaf6cd9/getReviews"}
{"date":"2023-08-15T10:19:31.793Z","level":"error","message":"Parameter \"filter\" to find() must be an object, got 64d77a5b3f32bb57eaaf6cd9","method":"GET","service":"user-service","url":"/64d77a5b3f32bb57eaaf6cd9/getReviews"}
{"date":"2023-08-15T10:19:32.270Z","level":"error","message":"Parameter \"filter\" to find() must be an object, got 64d77a5b3f32bb57eaaf6cd9","method":"GET","service":"user-service","url":"/64d77a5b3f32bb57eaaf6cd9/getReviews"}
{"date":"2023-08-15T10:19:32.468Z","level":"error","message":"Parameter \"filter\" to find() must be an object, got 64d77a5b3f32bb57eaaf6cd9","method":"GET","service":"user-service","url":"/64d77a5b3f32bb57eaaf6cd9/getReviews"}
{"date":"2023-08-15T10:19:32.667Z","level":"error","message":"Parameter \"filter\" to find() must be an object, got 64d77a5b3f32bb57eaaf6cd9","method":"GET","service":"user-service","url":"/64d77a5b3f32bb57eaaf6cd9/getReviews"}
{"date":"2023-08-15T10:19:32.846Z","level":"error","message":"Parameter \"filter\" to find() must be an object, got 64d77a5b3f32bb57eaaf6cd9","method":"GET","service":"user-service","url":"/64d77a5b3f32bb57eaaf6cd9/getReviews"}
{"date":"2023-08-15T10:19:34.806Z","level":"error","message":"Parameter \"filter\" to find() must be an object, got 64d77a5b3f32bb57eaaf6cd9","method":"GET","service":"user-service","url":"/64d77a5b3f32bb57eaaf6cd9/getReviews"}
{"date":"2023-08-15T10:21:25.111Z","level":"error","message":"Cast to ObjectId failed for value \"{ id: '64d77a5b3f32bb57eaaf6cd9' }\" (type Object) at path \"_id\" for model \"reviews\"","method":"GET","service":"user-service","url":"/64d77a5b3f32bb57eaaf6cd9/getReviews"}
{"date":"2023-08-15T10:21:26.151Z","level":"error","message":"Cast to ObjectId failed for value \"{ id: '64d77a5b3f32bb57eaaf6cd9' }\" (type Object) at path \"_id\" for model \"reviews\"","method":"GET","service":"user-service","url":"/64d77a5b3f32bb57eaaf6cd9/getReviews"}
{"date":"2023-08-15T10:21:26.377Z","level":"error","message":"Cast to ObjectId failed for value \"{ id: '64d77a5b3f32bb57eaaf6cd9' }\" (type Object) at path \"_id\" for model \"reviews\"","method":"GET","service":"user-service","url":"/64d77a5b3f32bb57eaaf6cd9/getReviews"}
{"date":"2023-08-15T10:21:26.556Z","level":"error","message":"Cast to ObjectId failed for value \"{ id: '64d77a5b3f32bb57eaaf6cd9' }\" (type Object) at path \"_id\" for model \"reviews\"","method":"GET","service":"user-service","url":"/64d77a5b3f32bb57eaaf6cd9/getReviews"}
{"date":"2023-08-15T10:21:56.605Z","level":"error","message":"Cast to ObjectId failed for value \"{ id: '64d77a5b3f32bb57eaaf6cd9' }\" (type Object) at path \"_id\" for model \"reviews\"","method":"GET","service":"user-service","url":"/64d77a5b3f32bb57eaaf6cd9/getReviews"}
{"date":"2023-08-15T10:21:57.251Z","level":"error","message":"Cast to ObjectId failed for value \"{ id: '64d77a5b3f32bb57eaaf6cd9' }\" (type Object) at path \"_id\" for model \"reviews\"","method":"GET","service":"user-service","url":"/64d77a5b3f32bb57eaaf6cd9/getReviews"}
{"date":"2023-08-15T10:21:57.587Z","level":"error","message":"Cast to ObjectId failed for value \"{ id: '64d77a5b3f32bb57eaaf6cd9' }\" (type Object) at path \"_id\" for model \"reviews\"","method":"GET","service":"user-service","url":"/64d77a5b3f32bb57eaaf6cd9/getReviews"}
{"date":"2023-08-15T10:21:57.751Z","level":"error","message":"Cast to ObjectId failed for value \"{ id: '64d77a5b3f32bb57eaaf6cd9' }\" (type Object) at path \"_id\" for model \"reviews\"","method":"GET","service":"user-service","url":"/64d77a5b3f32bb57eaaf6cd9/getReviews"}
{"date":"2023-08-15T10:21:57.920Z","level":"error","message":"Cast to ObjectId failed for value \"{ id: '64d77a5b3f32bb57eaaf6cd9' }\" (type Object) at path \"_id\" for model \"reviews\"","method":"GET","service":"user-service","url":"/64d77a5b3f32bb57eaaf6cd9/getReviews"}
{"date":"2023-08-15T10:21:58.200Z","level":"error","message":"Cast to ObjectId failed for value \"{ id: '64d77a5b3f32bb57eaaf6cd9' }\" (type Object) at path \"_id\" for model \"reviews\"","method":"GET","service":"user-service","url":"/64d77a5b3f32bb57eaaf6cd9/getReviews"}
{"date":"2023-08-15T10:21:58.406Z","level":"error","message":"Cast to ObjectId failed for value \"{ id: '64d77a5b3f32bb57eaaf6cd9' }\" (type Object) at path \"_id\" for model \"reviews\"","method":"GET","service":"user-service","url":"/64d77a5b3f32bb57eaaf6cd9/getReviews"}
{"date":"2023-08-15T10:21:58.583Z","level":"error","message":"Cast to ObjectId failed for value \"{ id: '64d77a5b3f32bb57eaaf6cd9' }\" (type Object) at path \"_id\" for model \"reviews\"","method":"GET","service":"user-service","url":"/64d77a5b3f32bb57eaaf6cd9/getReviews"}
{"date":"2023-08-15T10:21:58.769Z","level":"error","message":"Cast to ObjectId failed for value \"{ id: '64d77a5b3f32bb57eaaf6cd9' }\" (type Object) at path \"_id\" for model \"reviews\"","method":"GET","service":"user-service","url":"/64d77a5b3f32bb57eaaf6cd9/getReviews"}
{"date":"2023-08-15T10:21:58.937Z","level":"error","message":"Cast to ObjectId failed for value \"{ id: '64d77a5b3f32bb57eaaf6cd9' }\" (type Object) at path \"_id\" for model \"reviews\"","method":"GET","service":"user-service","url":"/64d77a5b3f32bb57eaaf6cd9/getReviews"}
{"date":"2023-08-15T10:21:59.185Z","level":"error","message":"Cast to ObjectId failed for value \"{ id: '64d77a5b3f32bb57eaaf6cd9' }\" (type Object) at path \"_id\" for model \"reviews\"","method":"GET","service":"user-service","url":"/64d77a5b3f32bb57eaaf6cd9/getReviews"}
{"date":"2023-08-15T10:22:11.838Z","level":"error","message":"Cast to ObjectId failed for value \"{ accomodationId: '64d77a5b3f32bb57eaaf6cd9' }\" (type Object) at path \"_id\" for model \"reviews\"","method":"GET","service":"user-service","url":"/64d77a5b3f32bb57eaaf6cd9/getReviews"}
{"date":"2023-08-15T10:22:12.603Z","level":"error","message":"Cast to ObjectId failed for value \"{ accomodationId: '64d77a5b3f32bb57eaaf6cd9' }\" (type Object) at path \"_id\" for model \"reviews\"","method":"GET","service":"user-service","url":"/64d77a5b3f32bb57eaaf6cd9/getReviews"}
{"date":"2023-08-15T10:22:12.816Z","level":"error","message":"Cast to ObjectId failed for value \"{ accomodationId: '64d77a5b3f32bb57eaaf6cd9' }\" (type Object) at path \"_id\" for model \"reviews\"","method":"GET","service":"user-service","url":"/64d77a5b3f32bb57eaaf6cd9/getReviews"}
{"date":"2023-08-15T10:22:12.997Z","level":"error","message":"Cast to ObjectId failed for value \"{ accomodationId: '64d77a5b3f32bb57eaaf6cd9' }\" (type Object) at path \"_id\" for model \"reviews\"","method":"GET","service":"user-service","url":"/64d77a5b3f32bb57eaaf6cd9/getReviews"}
{"date":"2023-08-15T10:22:23.024Z","level":"error","message":"Cast to ObjectId failed for value \"{ accomodationId: '64d77a5b3f32bb57eaaf6cd9' }\" (type Object) at path \"_id\" for model \"reviews\"","method":"GET","service":"user-service","url":"/64d77a5b3f32bb57eaaf6cd9/getReviews"}
{"date":"2023-08-15T10:22:23.919Z","level":"error","message":"Cast to ObjectId failed for value \"{ accomodationId: '64d77a5b3f32bb57eaaf6cd9' }\" (type Object) at path \"_id\" for model \"reviews\"","method":"GET","service":"user-service","url":"/64d77a5b3f32bb57eaaf6cd9/getReviews"}
{"date":"2023-08-15T10:22:26.975Z","level":"error","message":"Cast to ObjectId failed for value \"{ accomodationId: '64d77a5b3f32bb57eaaf6cd9' }\" (type Object) at path \"_id\" for model \"reviews\"","method":"GET","service":"user-service","url":"/64d77a5b3f32bb57eaaf6cd9/getReviews"}
{"date":"2023-08-15T10:22:27.559Z","level":"error","message":"Cast to ObjectId failed for value \"{ accomodationId: '64d77a5b3f32bb57eaaf6cd9' }\" (type Object) at path \"_id\" for model \"reviews\"","method":"GET","service":"user-service","url":"/64d77a5b3f32bb57eaaf6cd9/getReviews"}
{"date":"2023-08-15T10:22:38.601Z","level":"error","message":"Cannot read properties of null (reading 'length')","method":"GET","service":"user-service","url":"/64d77a5b3f32bb57eaaf6cd9/getReviews"}
{"date":"2023-08-15T10:22:39.464Z","level":"error","message":"Cannot read properties of null (reading 'length')","method":"GET","service":"user-service","url":"/64d77a5b3f32bb57eaaf6cd9/getReviews"}
